<?xml version="1.0" encoding="UTF-8"?><testsuites time="0.328"><testsuite name="SPEKTRALTOOLS test" tests="7" failures="0" errors="0" time="0.328" timestamp="2014-07-28T00:33:21.045Z" package="spec/SpektraltoolsCasperSpec"><testcase name="test button was clicked" classname="spec/SpektraltoolsCasperSpec" time="0.243"></testcase><testcase name="target was returned." classname="spec/SpektraltoolsCasperSpec" time="0.028"></testcase><testcase name="targetID matches." classname="spec/SpektraltoolsCasperSpec" time="0.027"></testcase><testcase name="event was detached." classname="spec/SpektraltoolsCasperSpec" time="0.027"></testcase><testcase name="custom event was created and triggered." classname="spec/SpektraltoolsCasperSpec" time="0.002"></testcase><testcase name="foo equals bar in detail object." classname="spec/SpektraltoolsCasperSpec" time="0"></testcase><testcase name="spektral equals tools in detail object." classname="spec/SpektraltoolsCasperSpec" time="0.001"></testcase><system-out></system-out></testsuite></testsuites>