<?xml version="1.0" encoding="UTF-8"?><testsuites time="0.529"><testsuite name="SPEKTRALTOOLS test" tests="14" failures="0" errors="0" time="0.529" timestamp="2014-07-31T12:14:10.999Z" package="spec/SpektraltoolsCasperSpec"><testcase name="query returned element by Id." classname="spec/SpektraltoolsCasperSpec" time="0.231"></testcase><testcase name="element id is correct." classname="spec/SpektraltoolsCasperSpec" time="0.031"></testcase><testcase name="query returned element by class." classname="spec/SpektraltoolsCasperSpec" time="0.034"></testcase><testcase name="element class name is correct." classname="spec/SpektraltoolsCasperSpec" time="0.031"></testcase><testcase name="test button was clicked" classname="spec/SpektraltoolsCasperSpec" time="0.036"></testcase><testcase name="target was returned." classname="spec/SpektraltoolsCasperSpec" time="0.035"></testcase><testcase name="targetID matches." classname="spec/SpektraltoolsCasperSpec" time="0.033"></testcase><testcase name="event was detached." classname="spec/SpektraltoolsCasperSpec" time="0.034"></testcase><testcase name="custom event was created and triggered." classname="spec/SpektraltoolsCasperSpec" time="0.002"></testcase><testcase name="foo equals bar in detail object." classname="spec/SpektraltoolsCasperSpec" time="0"></testcase><testcase name="spektral equals tools in detail object." classname="spec/SpektraltoolsCasperSpec" time="0"></testcase><testcase name="event was triggered." classname="spec/SpektraltoolsCasperSpec" time="0.02"></testcase><testcase name="event was cancelled." classname="spec/SpektraltoolsCasperSpec" time="0.021"></testcase><testcase name="event was only called once." classname="spec/SpektraltoolsCasperSpec" time="0.021"></testcase><system-out></system-out></testsuite></testsuites>