<?xml version="1.0" encoding="UTF-8"?><testsuites time="0.405"><testsuite name="SPEKTRALTOOLS test" tests="10" failures="0" errors="0" time="0.405" timestamp="2014-07-28T15:20:45.607Z" package="spec/SpektraltoolsCasperSpec"><testcase name="test button was clicked" classname="spec/SpektraltoolsCasperSpec" time="0.248"></testcase><testcase name="target was returned." classname="spec/SpektraltoolsCasperSpec" time="0.03"></testcase><testcase name="targetID matches." classname="spec/SpektraltoolsCasperSpec" time="0.031"></testcase><testcase name="event was detached." classname="spec/SpektraltoolsCasperSpec" time="0.032"></testcase><testcase name="custom event was created and triggered." classname="spec/SpektraltoolsCasperSpec" time="0.003"></testcase><testcase name="foo equals bar in detail object." classname="spec/SpektraltoolsCasperSpec" time="0.001"></testcase><testcase name="spektral equals tools in detail object." classname="spec/SpektraltoolsCasperSpec" time="0"></testcase><testcase name="event was triggered." classname="spec/SpektraltoolsCasperSpec" time="0.019"></testcase><testcase name="event was cancelled." classname="spec/SpektraltoolsCasperSpec" time="0.02"></testcase><testcase name="event was only called once." classname="spec/SpektraltoolsCasperSpec" time="0.021"></testcase><system-out></system-out></testsuite></testsuites>