<?xml version="1.0" encoding="UTF-8"?><testsuites time="1.041"><testsuite name="SPEKTRALTOOLS test" tests="104" failures="0" errors="0" time="1.041" timestamp="2014-08-02T02:46:26.811Z" package="spec/SpektraltoolsCasperSpec"><testcase name="query returned element by Id." classname="spec/SpektraltoolsCasperSpec" time="0.246"></testcase><testcase name="element id is correct." classname="spec/SpektraltoolsCasperSpec" time="0.039"></testcase><testcase name="query returned element by class." classname="spec/SpektraltoolsCasperSpec" time="0.04"></testcase><testcase name="element class name is correct." classname="spec/SpektraltoolsCasperSpec" time="0.04"></testcase><testcase name="test button was clicked" classname="spec/SpektraltoolsCasperSpec" time="0.042"></testcase><testcase name="target was returned." classname="spec/SpektraltoolsCasperSpec" time="0.042"></testcase><testcase name="targetID matches." classname="spec/SpektraltoolsCasperSpec" time="0.038"></testcase><testcase name="event was detached." classname="spec/SpektraltoolsCasperSpec" time="0.042"></testcase><testcase name="custom event was created and triggered." classname="spec/SpektraltoolsCasperSpec" time="0.002"></testcase><testcase name="foo equals bar in detail object." classname="spec/SpektraltoolsCasperSpec" time="0"></testcase><testcase name="spektral equals tools in detail object." classname="spec/SpektraltoolsCasperSpec" time="0"></testcase><testcase name="event was triggered." classname="spec/SpektraltoolsCasperSpec" time="0.019"></testcase><testcase name="event was cancelled." classname="spec/SpektraltoolsCasperSpec" time="0.023"></testcase><testcase name="event was only called once." classname="spec/SpektraltoolsCasperSpec" time="0.019"></testcase><testcase name="0 returned key was correct." classname="spec/SpektraltoolsCasperSpec" time="0.03"></testcase><testcase name="1 returned key was correct." classname="spec/SpektraltoolsCasperSpec" time="0.004"></testcase><testcase name="2 returned key was correct." classname="spec/SpektraltoolsCasperSpec" time="0.004"></testcase><testcase name="3 returned key was correct." classname="spec/SpektraltoolsCasperSpec" time="0.004"></testcase><testcase name="4 returned key was correct." classname="spec/SpektraltoolsCasperSpec" time="0.004"></testcase><testcase name="5 returned key was correct." classname="spec/SpektraltoolsCasperSpec" time="0.003"></testcase><testcase name="6 returned key was correct." classname="spec/SpektraltoolsCasperSpec" time="0.004"></testcase><testcase name="7 returned key was correct." classname="spec/SpektraltoolsCasperSpec" time="0.003"></testcase><testcase name="8 returned key was correct." classname="spec/SpektraltoolsCasperSpec" time="0.006"></testcase><testcase name="9 returned key was correct." classname="spec/SpektraltoolsCasperSpec" time="0.005"></testcase><testcase name="A returned key was correct." classname="spec/SpektraltoolsCasperSpec" time="0.004"></testcase><testcase name="B returned key was correct." classname="spec/SpektraltoolsCasperSpec" time="0.004"></testcase><testcase name="C returned key was correct." classname="spec/SpektraltoolsCasperSpec" time="0.006"></testcase><testcase name="D returned key was correct." classname="spec/SpektraltoolsCasperSpec" time="0.006"></testcase><testcase name="E returned key was correct." classname="spec/SpektraltoolsCasperSpec" time="0.004"></testcase><testcase name="F returned key was correct." classname="spec/SpektraltoolsCasperSpec" time="0.006"></testcase><testcase name="G returned key was correct." classname="spec/SpektraltoolsCasperSpec" time="0.005"></testcase><testcase name="H returned key was correct." classname="spec/SpektraltoolsCasperSpec" time="0.006"></testcase><testcase name="I returned key was correct." classname="spec/SpektraltoolsCasperSpec" time="0.006"></testcase><testcase name="J returned key was correct." classname="spec/SpektraltoolsCasperSpec" time="0.004"></testcase><testcase name="K returned key was correct." classname="spec/SpektraltoolsCasperSpec" time="0.004"></testcase><testcase name="L returned key was correct." classname="spec/SpektraltoolsCasperSpec" time="0.005"></testcase><testcase name="M returned key was correct." classname="spec/SpektraltoolsCasperSpec" time="0.005"></testcase><testcase name="N returned key was correct." classname="spec/SpektraltoolsCasperSpec" time="0.004"></testcase><testcase name="O returned key was correct." classname="spec/SpektraltoolsCasperSpec" time="0.004"></testcase><testcase name="P returned key was correct." classname="spec/SpektraltoolsCasperSpec" time="0.005"></testcase><testcase name="Q returned key was correct." classname="spec/SpektraltoolsCasperSpec" time="0.004"></testcase><testcase name="R returned key was correct." classname="spec/SpektraltoolsCasperSpec" time="0.005"></testcase><testcase name="S returned key was correct." classname="spec/SpektraltoolsCasperSpec" time="0.004"></testcase><testcase name="T returned key was correct." classname="spec/SpektraltoolsCasperSpec" time="0.004"></testcase><testcase name="U returned key was correct." classname="spec/SpektraltoolsCasperSpec" time="0.004"></testcase><testcase name="V returned key was correct." classname="spec/SpektraltoolsCasperSpec" time="0.004"></testcase><testcase name="W returned key was correct." classname="spec/SpektraltoolsCasperSpec" time="0.004"></testcase><testcase name="X returned key was correct." classname="spec/SpektraltoolsCasperSpec" time="0.005"></testcase><testcase name="Y returned key was correct." classname="spec/SpektraltoolsCasperSpec" time="0.007"></testcase><testcase name="Z returned key was correct." classname="spec/SpektraltoolsCasperSpec" time="0.005"></testcase><testcase name="BACK_TICK returned key was correct." classname="spec/SpektraltoolsCasperSpec" time="0.006"></testcase><testcase name="OPEN_SQUARE_BRACKET returned key was correct." classname="spec/SpektraltoolsCasperSpec" time="0.004"></testcase><testcase name="CLOSE_SQUARE_BRACKET returned key was correct." classname="spec/SpektraltoolsCasperSpec" time="0.004"></testcase><testcase name="BACK_SLASH returned key was correct." classname="spec/SpektraltoolsCasperSpec" time="0.003"></testcase><testcase name="SEMI_COLON returned key was correct." classname="spec/SpektraltoolsCasperSpec" time="0.004"></testcase><testcase name="SINGLE_QUOTE returned key was correct." classname="spec/SpektraltoolsCasperSpec" time="0.003"></testcase><testcase name="COMMA returned key was correct." classname="spec/SpektraltoolsCasperSpec" time="0.004"></testcase><testcase name="PERIOD returned key was correct." classname="spec/SpektraltoolsCasperSpec" time="0.005"></testcase><testcase name="FORWARD_SLASH returned key was correct." classname="spec/SpektraltoolsCasperSpec" time="0.004"></testcase><testcase name="TILDA returned key was correct." classname="spec/SpektraltoolsCasperSpec" time="0.005"></testcase><testcase name="EXCLAMATION_POINT returned key was correct." classname="spec/SpektraltoolsCasperSpec" time="0.004"></testcase><testcase name="AT_SIGN returned key was correct." classname="spec/SpektraltoolsCasperSpec" time="0.004"></testcase><testcase name="HASHTAG returned key was correct." classname="spec/SpektraltoolsCasperSpec" time="0.005"></testcase><testcase name="DOLLAR_SIGN returned key was correct." classname="spec/SpektraltoolsCasperSpec" time="0.004"></testcase><testcase name="PERCENT returned key was correct." classname="spec/SpektraltoolsCasperSpec" time="0.004"></testcase><testcase name="CARET returned key was correct." classname="spec/SpektraltoolsCasperSpec" time="0.004"></testcase><testcase name="AMPERSAND returned key was correct." classname="spec/SpektraltoolsCasperSpec" time="0.004"></testcase><testcase name="ASTERISK returned key was correct." classname="spec/SpektraltoolsCasperSpec" time="0.004"></testcase><testcase name="OPEN_BRACKET returned key was correct." classname="spec/SpektraltoolsCasperSpec" time="0.004"></testcase><testcase name="CLOSE_BRACKET returned key was correct." classname="spec/SpektraltoolsCasperSpec" time="0.005"></testcase><testcase name="UNDERSCORE returned key was correct." classname="spec/SpektraltoolsCasperSpec" time="0.005"></testcase><testcase name="PLUS_SIGN returned key was correct." classname="spec/SpektraltoolsCasperSpec" time="0.004"></testcase><testcase name="OPEN_CURLY_BRACKET returned key was correct." classname="spec/SpektraltoolsCasperSpec" time="0.004"></testcase><testcase name="CLOSE_CURLY_BRACKET returned key was correct." classname="spec/SpektraltoolsCasperSpec" time="0.046"></testcase><testcase name="VERTICAL_BAR returned key was correct." classname="spec/SpektraltoolsCasperSpec" time="0.005"></testcase><testcase name="COLON returned key was correct." classname="spec/SpektraltoolsCasperSpec" time="0.004"></testcase><testcase name="QUOTATION_MARK returned key was correct." classname="spec/SpektraltoolsCasperSpec" time="0.004"></testcase><testcase name="LESS_THAN_SIGN returned key was correct." classname="spec/SpektraltoolsCasperSpec" time="0.005"></testcase><testcase name="GREATER_THAN_SIGN returned key was correct." classname="spec/SpektraltoolsCasperSpec" time="0.004"></testcase><testcase name="QUESTION_MARK returned key was correct." classname="spec/SpektraltoolsCasperSpec" time="0.005"></testcase><testcase name="ESCAPE returned key was correct." classname="spec/SpektraltoolsCasperSpec" time="0.005"></testcase><testcase name="F1 returned key was correct." classname="spec/SpektraltoolsCasperSpec" time="0.003"></testcase><testcase name="F2 returned key was correct." classname="spec/SpektraltoolsCasperSpec" time="0.003"></testcase><testcase name="F3 returned key was correct." classname="spec/SpektraltoolsCasperSpec" time="0.004"></testcase><testcase name="F4 returned key was correct." classname="spec/SpektraltoolsCasperSpec" time="0.003"></testcase><testcase name="F5 returned key was correct." classname="spec/SpektraltoolsCasperSpec" time="0.003"></testcase><testcase name="F6 returned key was correct." classname="spec/SpektraltoolsCasperSpec" time="0.003"></testcase><testcase name="F7 returned key was correct." classname="spec/SpektraltoolsCasperSpec" time="0.003"></testcase><testcase name="F8 returned key was correct." classname="spec/SpektraltoolsCasperSpec" time="0.004"></testcase><testcase name="F9 returned key was correct." classname="spec/SpektraltoolsCasperSpec" time="0.004"></testcase><testcase name="F10 returned key was correct." classname="spec/SpektraltoolsCasperSpec" time="0.003"></testcase><testcase name="F11 returned key was correct." classname="spec/SpektraltoolsCasperSpec" time="0.003"></testcase><testcase name="F12 returned key was correct." classname="spec/SpektraltoolsCasperSpec" time="0.004"></testcase><testcase name="DELETE returned key was correct." classname="spec/SpektraltoolsCasperSpec" time="0.003"></testcase><testcase name="TAB returned key was correct." classname="spec/SpektraltoolsCasperSpec" time="0.004"></testcase><testcase name="CAPS_LOCK returned key was correct." classname="spec/SpektraltoolsCasperSpec" time="0.004"></testcase><testcase name="ENTER returned key was correct." classname="spec/SpektraltoolsCasperSpec" time="0.003"></testcase><testcase name="SHIFT returned key was correct." classname="spec/SpektraltoolsCasperSpec" time="0.004"></testcase><testcase name="CTRL returned key was correct." classname="spec/SpektraltoolsCasperSpec" time="0.003"></testcase><testcase name="ALT returned key was correct." classname="spec/SpektraltoolsCasperSpec" time="0.003"></testcase><testcase name="UP returned key was correct." classname="spec/SpektraltoolsCasperSpec" time="0.006"></testcase><testcase name="LEFT returned key was correct." classname="spec/SpektraltoolsCasperSpec" time="0.005"></testcase><testcase name="DOWN returned key was correct." classname="spec/SpektraltoolsCasperSpec" time="0.004"></testcase><testcase name="RIGHT returned key was correct." classname="spec/SpektraltoolsCasperSpec" time="0.004"></testcase><system-out></system-out></testsuite></testsuites>