<?xml version="1.0" encoding="UTF-8"?><testsuites time="0.352"><testsuite name="SPEKTRALTOOLS test" tests="4" failures="0" errors="0" time="0.352" timestamp="2014-07-23T02:01:26.174Z" package="spec/SpektraltoolsCasperSpec"><testcase name="Test button was clicked" classname="spec/SpektraltoolsCasperSpec" time="0.246"></testcase><testcase name="target was returned." classname="spec/SpektraltoolsCasperSpec" time="0.027"></testcase><testcase name="targetID matches." classname="spec/SpektraltoolsCasperSpec" time="0.025"></testcase><testcase name="Event was detached." classname="spec/SpektraltoolsCasperSpec" time="0.054"></testcase><system-out></system-out></testsuite></testsuites>