<?xml version="1.0" encoding="UTF-8"?><testsuites time="0.36"><testsuite name="SPEKTRALTOOLS test" tests="4" failures="0" errors="0" time="0.36" timestamp="2014-07-25T01:18:06.388Z" package="spec/SpektraltoolsCasperSpec"><testcase name="test button was clicked" classname="spec/SpektraltoolsCasperSpec" time="0.277"></testcase><testcase name="target was returned." classname="spec/SpektraltoolsCasperSpec" time="0.026"></testcase><testcase name="targetID matches." classname="spec/SpektraltoolsCasperSpec" time="0.029"></testcase><testcase name="event was detached." classname="spec/SpektraltoolsCasperSpec" time="0.028"></testcase><system-out></system-out></testsuite></testsuites>