<?xml version="1.0" encoding="UTF-8"?><testsuites time="5.089"><testsuite name="Untitled suite in /Projects/Spektraldevelopment/spektraltools/spec/spektralCasperTest.js" tests="1" failures="1" errors="0" time="5.089" timestamp="2014-07-21T01:33:50.972Z" package="spec/spektralCasperTest"><testcase name="ReferenceError: Can't find variable: Spektral" classname="spec/spektralCasperTest" time="5.089"><error type="error">ReferenceError: Can't find variable: Spektral
    at /Projects/Spektraldevelopment/spektraltools/spec/spektralCasperTest.js:5
    at _check (/Projects/Spektraldevelopment/spektraltools/node_modules/grunt-casper/node_modules/casperjs/modules/casper.js:2034)</error><failure type="uncaughtError">ReferenceError: Can't find variable: Spektral</failure></testcase><system-out></system-out></testsuite></testsuites>