<?xml version="1.0" encoding="UTF-8"?><testsuites time="0.456"><testsuite name="SPEKTRALTOOLS test" tests="5" failures="0" errors="0" time="0.456" timestamp="2014-07-25T19:25:44.451Z" package="spec/SpektraltoolsCasperSpec"><testcase name="test button was clicked" classname="spec/SpektraltoolsCasperSpec" time="0.311"></testcase><testcase name="target was returned." classname="spec/SpektraltoolsCasperSpec" time="0.061"></testcase><testcase name="targetID matches." classname="spec/SpektraltoolsCasperSpec" time="0.037"></testcase><testcase name="event was detached." classname="spec/SpektraltoolsCasperSpec" time="0.045"></testcase><testcase name="custom event was created and triggered." classname="spec/SpektraltoolsCasperSpec" time="0.002"></testcase><system-out></system-out></testsuite></testsuites>