<?xml version="1.0" encoding="UTF-8"?><testsuites time="0.322"><testsuite name="SPEKTRALTOOLS test" tests="3" failures="0" errors="0" time="0.322" timestamp="2014-07-23T01:26:39.382Z" package="spec/SpektraltoolsCasperSpec"><testcase name="Test button was clicked" classname="spec/SpektraltoolsCasperSpec" time="0.274"></testcase><testcase name="target was returned." classname="spec/SpektraltoolsCasperSpec" time="0.024"></testcase><testcase name="targetID matches." classname="spec/SpektraltoolsCasperSpec" time="0.024"></testcase><system-out></system-out></testsuite></testsuites>