<?xml version="1.0" encoding="UTF-8"?><testsuites time="0.245"><testsuite name="SPEKTRALTOOLS test" tests="3" failures="0" errors="0" time="0.245" timestamp="2014-07-22T12:18:36.656Z" package="spec/spektralCasperTest"><testcase name="Test button was clicked" classname="spec/spektralCasperTest" time="0.215"></testcase><testcase name="target was returned." classname="spec/spektralCasperTest" time="0.029"></testcase><testcase name="targetID matches." classname="spec/spektralCasperTest" time="0.001"></testcase><system-out></system-out></testsuite></testsuites>